Build started 6/20/2016 11:50:11 AM.
     1>Project "C:\Program Files (x86)\Intel\RSSDK\sample\SandBox\DF_CameraViewer_vs2010.vcxproj" on node 2 (Build target(s)).
     1>ClCompile:
         C:\Program Files (x86)\Microsoft Visual Studio 12.0\VC\bin\CL.exe /c /I. /Iinclude /Ires /I../common/include /I../../include /I"C:\Program Files (x86)\Intel\RSSDK\/include" /I"C:\Program Files (x86)\Intel\RSSDK\/sample/common/include" /Z7 /nologo /W3 /WX- /Od /Oy- /D WIN32 /D _DEBUG /D _CONSOLE /D _WIN32_WINNT=0x0602 /D _UNICODE /D UNICODE /Gm- /EHsc /MTd /GS /fp:precise /Zc:wchar_t /Zc:forScope /Fo"build/Win32_Debug/DF_CameraViewer/" /Gd /TP /analyze- /errorReport:prompt Src\camera_viewer.cpp
         camera_viewer.cpp
     1>C:\Program Files (x86)\Intel\RSSDK\sample\SandBox\Const.h(4): warning C4005: '_WIN32_WINNT' : macro redefinition
                 command-line arguments :  see previous definition of '_WIN32_WINNT'
     1>Src\camera_viewer.cpp(25): warning C4244: 'argument' : conversion from 'time_t' to 'unsigned int', possible loss of data
     1>Src\camera_viewer.cpp(251): warning C4244: 'argument' : conversion from 'const float' to 'int', possible loss of data
     1>Src\camera_viewer.cpp(37): warning C4101: 'd' : unreferenced local variable
       Link:
         C:\Program Files (x86)\Microsoft Visual Studio 12.0\VC\bin\link.exe /ERRORREPORT:PROMPT /OUT:"bin/Win32/DF_CameraViewer_d.exe" /INCREMENTAL:NO /NOLOGO /LIBPATH:../common/lib/Win32/v120 /LIBPATH:../../lib/Win32 /LIBPATH:"C:\Program Files (x86)\Intel\RSSDK\/lib/Win32" /LIBPATH:"C:\Program Files (x86)\Intel\RSSDK\/sample/common/lib/Win32/v120" libpxc_d.lib libpxcutils_d.lib opencv_world310d.lib kernel32.lib user32.lib gdi32.lib winspool.lib comdlg32.lib advapi32.lib shell32.lib ole32.lib oleaut32.lib uuid.lib odbc32.lib odbccp32.lib /NODEFAULTLIB:libcmt.lib /MANIFEST /MANIFESTUAC:"level='asInvoker' uiAccess='false'" /manifest:embed /DEBUG /PDB:"bin/Win32/DF_CameraViewer_d.pdb" /SUBSYSTEM:CONSOLE /TLBID:1 /DYNAMICBASE /NXCOMPAT /IMPLIB:"bin/Win32/DF_CameraViewer_d.lib" /MACHINE:X86 /SAFESEH build/Win32_Debug/DF_CameraViewer/camera_viewer.res
         build/Win32_Debug/DF_CameraViewer/camera_viewer.obj
     1>camera_viewer.obj : error LNK2019: unresolved external symbol "void __cdecl cv::fastFree(void *)" (?fastFree@cv@@YAXPAX@Z) referenced in function "public: __thiscall cv::Mat::~Mat(void)" (??1Mat@cv@@QAE@XZ)
     1>camera_viewer.obj : error LNK2019: unresolved external symbol "private: char * __thiscall cv::String::allocate(unsigned int)" (?allocate@String@cv@@AAEPADI@Z) referenced in function "public: __thiscall cv::String::String(char const *)" (??0String@cv@@QAE@PBD@Z)
     1>camera_viewer.obj : error LNK2019: unresolved external symbol "private: void __thiscall cv::String::deallocate(void)" (?deallocate@String@cv@@AAEXXZ) referenced in function "public: __thiscall cv::String::~String(void)" (??1String@cv@@QAE@XZ)
     1>camera_viewer.obj : error LNK2019: unresolved external symbol "void __cdecl cv::error(int,class cv::String const &,char const *,char const *,int)" (?error@cv@@YAXHABVString@1@PBD1H@Z) referenced in function "public: class cv::Mat & __thiscall cv::Mat::operator=(class cv::Mat &&)" (??4Mat@cv@@QAEAAV01@$$QAV01@@Z)
     1>camera_viewer.obj : error LNK2019: unresolved external symbol "public: void __thiscall cv::Mat::deallocate(void)" (?deallocate@Mat@cv@@QAEXXZ) referenced in function "public: void __thiscall cv::Mat::release(void)" (?release@Mat@cv@@QAEXXZ)
     1>camera_viewer.obj : error LNK2019: unresolved external symbol "class cv::Mat __cdecl cv::imread(class cv::String const &,int)" (?imread@cv@@YA?AVMat@1@ABVString@1@H@Z) referenced in function _wmain
     1>camera_viewer.obj : error LNK2019: unresolved external symbol "void __cdecl cv::namedWindow(class cv::String const &,int)" (?namedWindow@cv@@YAXABVString@1@H@Z) referenced in function __catch$_wmain$0
     1>camera_viewer.obj : error LNK2019: unresolved external symbol "void __cdecl cv::imshow(class cv::String const &,class cv::_InputArray const &)" (?imshow@cv@@YAXABVString@1@ABV_InputArray@1@@Z) referenced in function __catch$_wmain$2
     1>camera_viewer.obj : error LNK2019: unresolved external symbol "void __cdecl cv::resizeWindow(class cv::String const &,int,int)" (?resizeWindow@cv@@YAXABVString@1@HH@Z) referenced in function __catch$_wmain$2
     1>camera_viewer.obj : error LNK2019: unresolved external symbol _cvDestroyWindow referenced in function __catch$_wmain$2
     1>camera_viewer.obj : error LNK2019: unresolved external symbol _cvWaitKey referenced in function __catch$_wmain$2
     1>camera_viewer.obj : error LNK2019: unresolved external symbol "void __cdecl cv::circle(class cv::_InputOutputArray const &,class cv::Point_<int>,int,class cv::Scalar_<double> const &,int,int,int)" (?circle@cv@@YAXABV_InputOutputArray@1@V?$Point_@H@1@HABV?$Scalar_@N@1@HHH@Z) referenced in function __catch$_wmain$0
     1>bin/Win32/DF_CameraViewer_d.exe : fatal error LNK1120: 12 unresolved externals
     1>Done Building Project "C:\Program Files (x86)\Intel\RSSDK\sample\SandBox\DF_CameraViewer_vs2010.vcxproj" (Build target(s)) -- FAILED.

Build FAILED.

Time Elapsed 00:00:00.78
